<?xml version="1.0" encoding="UTF-8"?>
<testng-results skipped="0" failed="0" ignored="0" total="6" passed="6">
  <reporter-output>
  </reporter-output>
  <suite name="My Suite" duration-ms="0" started-at="2020-10-06T22:48:52 IST" finished-at="2020-10-06T22:48:52 IST">
    <groups>
    </groups>
  </suite> <!-- My Suite -->
  <suite name="SuiteA" duration-ms="29233" started-at="2020-10-06T22:47:56 IST" finished-at="2020-10-06T22:48:25 IST">
    <groups>
    </groups>
    <test name="TestA2" duration-ms="19796" started-at="2020-10-06T22:47:56 IST" finished-at="2020-10-06T22:48:16 IST">
      <class name="com.home.suiteA.TestA2">
        <test-method status="PASS" signature="Test_A2()[pri:0, instance:com.home.suiteA.TestA2@2ac273d3]" name="Test_A2" duration-ms="19506" started-at="2020-10-06T22:47:56 IST" finished-at="2020-10-06T22:48:16 IST">
          <reporter-output>
          </reporter-output>
        </test-method> <!-- Test_A2 -->
        <test-method status="PASS" signature="close()[pri:0, instance:com.home.suiteA.TestA2@2ac273d3]" name="close" is-config="true" duration-ms="239" started-at="2020-10-06T22:48:16 IST" finished-at="2020-10-06T22:48:16 IST">
          <reporter-output>
          </reporter-output>
        </test-method> <!-- close -->
      </class> <!-- com.home.suiteA.TestA2 -->
    </test> <!-- TestA2 -->
    <test name="TestA1" duration-ms="29233" started-at="2020-10-06T22:47:56 IST" finished-at="2020-10-06T22:48:25 IST">
      <class name="com.home.suiteA.TestA1">
        <test-method status="PASS" signature="Test_A1()[pri:0, instance:com.home.suiteA.TestA1@73846619]" name="Test_A1" duration-ms="26297" started-at="2020-10-06T22:47:56 IST" finished-at="2020-10-06T22:48:22 IST">
          <reporter-output>
          </reporter-output>
        </test-method> <!-- Test_A1 -->
        <test-method status="PASS" signature="close()[pri:0, instance:com.home.suiteA.TestA1@73846619]" name="close" is-config="true" duration-ms="2885" started-at="2020-10-06T22:48:22 IST" finished-at="2020-10-06T22:48:25 IST">
          <reporter-output>
          </reporter-output>
        </test-method> <!-- close -->
      </class> <!-- com.home.suiteA.TestA1 -->
    </test> <!-- TestA1 -->
  </suite> <!-- SuiteA -->
  <suite name="SuiteB" duration-ms="26757" started-at="2020-10-06T22:48:25 IST" finished-at="2020-10-06T22:48:52 IST">
    <groups>
    </groups>
    <test name="TestB2" duration-ms="2004" started-at="2020-10-06T22:48:25 IST" finished-at="2020-10-06T22:48:27 IST">
      <class name="com.home.suiteB.TestB2">
        <test-method status="PASS" signature="Test_B2()[pri:0, instance:com.home.suiteB.TestB2@6f1fba17]" name="Test_B2" duration-ms="2001" started-at="2020-10-06T22:48:25 IST" finished-at="2020-10-06T22:48:27 IST">
          <reporter-output>
          </reporter-output>
        </test-method> <!-- Test_B2 -->
      </class> <!-- com.home.suiteB.TestB2 -->
    </test> <!-- TestB2 -->
    <test name="TestB1" duration-ms="22493" started-at="2020-10-06T22:48:25 IST" finished-at="2020-10-06T22:48:48 IST">
      <class name="com.home.suiteB.TestB1">
        <test-method status="PASS" signature="Test_B1()[pri:1, instance:com.home.suiteB.TestB1@5f9d02cb]" name="Test_B1" duration-ms="22010" started-at="2020-10-06T22:48:25 IST" finished-at="2020-10-06T22:48:47 IST">
          <reporter-output>
          </reporter-output>
        </test-method> <!-- Test_B1 -->
        <test-method status="PASS" signature="Test_BA1()[pri:2, instance:com.home.suiteB.TestB1@5f9d02cb]" name="Test_BA1" duration-ms="131" started-at="2020-10-06T22:48:47 IST" finished-at="2020-10-06T22:48:48 IST">
          <reporter-output>
          </reporter-output>
        </test-method> <!-- Test_BA1 -->
        <test-method status="PASS" signature="close()[pri:0, instance:com.home.suiteB.TestB1@5f9d02cb]" name="close" is-config="true" duration-ms="342" started-at="2020-10-06T22:48:48 IST" finished-at="2020-10-06T22:48:48 IST">
          <reporter-output>
          </reporter-output>
        </test-method> <!-- close -->
      </class> <!-- com.home.suiteB.TestB1 -->
    </test> <!-- TestB1 -->
    <test name="TestB3" duration-ms="26754" started-at="2020-10-06T22:48:25 IST" finished-at="2020-10-06T22:48:52 IST">
      <class name="com.home.suiteB.TestB3">
        <test-method status="PASS" signature="Test_B3()[pri:0, instance:com.home.suiteB.TestB3@6ddf90b0]" name="Test_B3" duration-ms="25090" started-at="2020-10-06T22:48:25 IST" finished-at="2020-10-06T22:48:50 IST">
          <reporter-output>
          </reporter-output>
        </test-method> <!-- Test_B3 -->
        <test-method status="PASS" signature="close()[pri:0, instance:com.home.suiteB.TestB3@6ddf90b0]" name="close" is-config="true" duration-ms="1662" started-at="2020-10-06T22:48:50 IST" finished-at="2020-10-06T22:48:52 IST">
          <reporter-output>
          </reporter-output>
        </test-method> <!-- close -->
      </class> <!-- com.home.suiteB.TestB3 -->
    </test> <!-- TestB3 -->
  </suite> <!-- SuiteB -->
</testng-results>
