<?xml version="1.0" encoding="UTF-8"?>
<testsuite xmlns:xsi="http://www.w3.org/2001/XMLSchema-instance" xsi:noNamespaceSchemaLocation="https://maven.apache.org/surefire/maven-surefire-plugin/xsd/surefire-test-report-3.0.xsd" version="3.0" name="TestSuite" time="38.004" tests="7" errors="0" skipped="0" failures="0">
  <properties>
[...]
</properties>
  <testcase name="Test_A3" classname="com.home.suiteA.TestA3" time="2.013">
    <system-out><![CDATA[Executing Test A1
Executing Test A3
Executing Test A2
Setting browser chrome
Ending A3
Setting browser chrome
]]></system-out>
  </testcase>
  <testcase name="Test_A1" classname="com.home.suiteA.TestA1" time="11.224">
    <system-out><![CDATA[Free CRM #1 cloud software for any business large or small
Ending A1
]]></system-out>
    <system-err><![CDATA[Oct 06, 2020 10:31:38 PM org.openqa.selenium.remote.ProtocolHandshake createSession
INFO: Detected dialect: W3C
]]></system-err>
  </testcase>
  <testcase name="Test_A2" classname="com.home.suiteA.TestA2" time="19.276">
    <system-out><![CDATA[Free CRM #1 cloud software for any business large or small
Ending A2
]]></system-out>
    <system-err><![CDATA[Oct 06, 2020 10:31:48 PM org.openqa.selenium.remote.ProtocolHandshake createSession
INFO: Detected dialect: W3C
]]></system-err>
  </testcase>
  <testcase name="Test_B2" classname="com.home.suiteB.TestB2" time="2.002">
    <system-out><![CDATA[Executing Test B1
Executing Test B3
Executing Test B2
Setting browser chrome
Setting browser chrome
Ending B2
]]></system-out>
  </testcase>
  <testcase name="Test_B3" classname="com.home.suiteB.TestB3" time="10.023">
    <system-out><![CDATA[Free CRM #1 cloud software for any business large or small
Ending B3
]]></system-out>
    <system-err><![CDATA[Oct 06, 2020 10:31:57 PM org.openqa.selenium.remote.ProtocolHandshake createSession
INFO: Detected dialect: W3C
]]></system-err>
  </testcase>
  <testcase name="Test_B1" classname="com.home.suiteB.TestB1" time="17.159">
    <system-out><![CDATA[Free CRM #1 cloud software for any business large or small
Ending B1
]]></system-out>
    <system-err><![CDATA[Oct 06, 2020 10:32:06 PM org.openqa.selenium.remote.ProtocolHandshake createSession
INFO: Detected dialect: W3C
]]></system-err>
  </testcase>
  <testcase name="Test_BA1" classname="com.home.suiteB.TestB1" time="0.028">
    <system-out><![CDATA[Executing Test BA1
https://freecrm.co.in/
]]></system-out>
  </testcase>
</testsuite>