<?xml version="1.0" encoding="UTF-8"?>
<!-- Generated by org.testng.reporters.JUnitXMLReporter -->
<testsuite hostname="DESKTOP-73PJK31" ignored="0" name="TestB3" tests="3" failures="0" timestamp="2020-10-02T23:34:30 IST" time="17.216" errors="0">
  <testcase name="Test_B2" time="2.065" classname="com.home.suiteB.TestB2"/>
  <testcase name="Test_B1" time="15.598" classname="com.home.suiteB.TestB1"/>
  <testcase name="Test_B3" time="17.171" classname="com.home.suiteB.TestB3"/>
</testsuite> <!-- TestB3 -->
