<?xml version="1.0" encoding="UTF-8"?>
<!-- Generated by org.testng.reporters.JUnitXMLReporter -->
<testsuite hostname="DESKTOP-73PJK31" ignored="0" name="TestB3" tests="4" failures="0" timestamp="2020-10-03T18:32:37 IST" time="17.288" errors="0">
  <testcase name="Test_B2" time="2.011" classname="com.home.suiteB.TestB2"/>
  <testcase name="Test_B3" time="16.458" classname="com.home.suiteB.TestB3"/>
  <testcase name="Test_B1" time="16.63" classname="com.home.suiteB.TestB1"/>
  <testcase name="Test_BA1" time="0.015" classname="com.home.suiteB.TestB1"/>
</testsuite> <!-- TestB3 -->
