<?xml version="1.0" encoding="UTF-8"?>
<!-- Generated by org.testng.reporters.JUnitXMLReporter -->
<testsuite hostname="DESKTOP-73PJK31" ignored="0" name="Test" tests="6" failures="0" timestamp="2020-10-02T14:03:13 IST" time="0.121" errors="0">
  <testcase name="Test_A1" time="0.019" classname="com.home.suiteA.TestA1"/>
  <testcase name="Test_B1" time="0.0" classname="com.home.suiteB.TestB1"/>
  <testcase name="Test_A3" time="0.002" classname="com.home.suiteA.TestA3"/>
  <testcase name="Test_B2" time="0.002" classname="com.home.suiteB.TestB2"/>
  <testcase name="Test_A2" time="0.002" classname="com.home.suiteA.TestA2"/>
  <testcase name="Test_B3" time="0.006" classname="com.home.suiteB.TestB3"/>
</testsuite> <!-- Test -->
