<?xml version="1.0" encoding="UTF-8"?>
<!-- Generated by org.testng.reporters.JUnitXMLReporter -->
<testsuite hostname="DESKTOP-73PJK31" ignored="0" name="TestB3" tests="4" failures="0" timestamp="2020-10-03T19:14:01 IST" time="11.71" errors="0">
  <testcase name="Test_B2" time="2.0" classname="com.home.suiteB.TestB2"/>
  <testcase name="Test_B1" time="11.157" classname="com.home.suiteB.TestB1"/>
  <testcase name="Test_BA1" time="0.015" classname="com.home.suiteB.TestB1"/>
  <testcase name="Test_B3" time="11.256" classname="com.home.suiteB.TestB3"/>
</testsuite> <!-- TestB3 -->
