<?xml version="1.0" encoding="UTF-8"?>
<testng-results skipped="0" failed="0" ignored="0" total="4" passed="4">
  <reporter-output>
  </reporter-output>
  <suite name="My Suite" duration-ms="0" started-at="2020-10-03T19:14:01 IST" finished-at="2020-10-03T19:14:01 IST">
    <groups>
    </groups>
  </suite> <!-- My Suite -->
  <suite name="SuiteA" duration-ms="11524" started-at="2020-10-03T19:13:38 IST" finished-at="2020-10-03T19:13:49 IST">
    <groups>
    </groups>
    <test name="TestA3" duration-ms="2082" started-at="2020-10-03T19:13:38 IST" finished-at="2020-10-03T19:13:40 IST">
      <class name="com.home.suiteA.TestA3">
        <test-method status="PASS" signature="Test_A3()[pri:0, instance:com.home.suiteA.TestA3@66480dd7]" name="Test_A3" duration-ms="2019" started-at="2020-10-03T19:13:38 IST" finished-at="2020-10-03T19:13:40 IST">
          <reporter-output>
          </reporter-output>
        </test-method> <!-- Test_A3 -->
      </class> <!-- com.home.suiteA.TestA3 -->
    </test> <!-- TestA3 -->
    <test name="TestA2" duration-ms="9986" started-at="2020-10-03T19:13:38 IST" finished-at="2020-10-03T19:13:48 IST">
      <class name="com.home.suiteA.TestA2">
        <test-method status="PASS" signature="Test_A2()[pri:0, instance:com.home.suiteA.TestA2@544fe44c]" name="Test_A2" duration-ms="9805" started-at="2020-10-03T19:13:38 IST" finished-at="2020-10-03T19:13:48 IST">
          <reporter-output>
          </reporter-output>
        </test-method> <!-- Test_A2 -->
        <test-method status="PASS" signature="close()[pri:0, instance:com.home.suiteA.TestA2@544fe44c]" name="close" is-config="true" duration-ms="131" started-at="2020-10-03T19:13:48 IST" finished-at="2020-10-03T19:13:48 IST">
          <reporter-output>
          </reporter-output>
        </test-method> <!-- close -->
      </class> <!-- com.home.suiteA.TestA2 -->
    </test> <!-- TestA2 -->
    <test name="TestA1" duration-ms="11524" started-at="2020-10-03T19:13:38 IST" finished-at="2020-10-03T19:13:49 IST">
      <class name="com.home.suiteA.TestA1">
        <test-method status="PASS" signature="Test_A1()[pri:0, instance:com.home.suiteA.TestA1@59494225]" name="Test_A1" duration-ms="11361" started-at="2020-10-03T19:13:38 IST" finished-at="2020-10-03T19:13:49 IST">
          <reporter-output>
          </reporter-output>
        </test-method> <!-- Test_A1 -->
        <test-method status="PASS" signature="close()[pri:0, instance:com.home.suiteA.TestA1@59494225]" name="close" is-config="true" duration-ms="112" started-at="2020-10-03T19:13:49 IST" finished-at="2020-10-03T19:13:49 IST">
          <reporter-output>
          </reporter-output>
        </test-method> <!-- close -->
      </class> <!-- com.home.suiteA.TestA1 -->
    </test> <!-- TestA1 -->
  </suite> <!-- SuiteA -->
  <suite name="SuiteB" duration-ms="11710" started-at="2020-10-03T19:13:49 IST" finished-at="2020-10-03T19:14:01 IST">
    <groups>
    </groups>
    <test name="TestB3" duration-ms="11710" started-at="2020-10-03T19:13:49 IST" finished-at="2020-10-03T19:14:01 IST">
      <class name="com.home.suiteB.TestB3">
        <test-method status="PASS" signature="Test_B3()[pri:0, instance:com.home.suiteB.TestB3@63753b6d]" name="Test_B3" duration-ms="11256" started-at="2020-10-03T19:13:49 IST" finished-at="2020-10-03T19:14:01 IST">
          <reporter-output>
          </reporter-output>
        </test-method> <!-- Test_B3 -->
        <test-method status="PASS" signature="close()[pri:0, instance:com.home.suiteB.TestB3@63753b6d]" name="close" is-config="true" duration-ms="453" started-at="2020-10-03T19:14:01 IST" finished-at="2020-10-03T19:14:01 IST">
          <reporter-output>
          </reporter-output>
        </test-method> <!-- close -->
      </class> <!-- com.home.suiteB.TestB3 -->
    </test> <!-- TestB3 -->
  </suite> <!-- SuiteB -->
</testng-results>
