<?xml version="1.0" encoding="UTF-8"?>
<!-- Generated by org.testng.reporters.JUnitXMLReporter -->
<testsuite hostname="DESKTOP-73PJK31" ignored="0" name="Default test" tests="6" failures="0" timestamp="2020-10-02T23:48:49 IST" time="42.758" errors="0">
  <testcase name="Test_B1" time="10.172" classname="com.home.suiteB.TestB1"/>
  <testcase name="Test_B2" time="2.008" classname="com.home.suiteB.TestB2"/>
  <testcase name="Test_A1" time="9.671" classname="com.home.suiteA.TestA1"/>
  <testcase name="Test_A3" time="2.009" classname="com.home.suiteA.TestA3"/>
  <testcase name="Test_B3" time="9.455" classname="com.home.suiteB.TestB3"/>
  <testcase name="Test_A2" time="9.342" classname="com.home.suiteA.TestA2"/>
</testsuite> <!-- Default test -->
