<?xml version="1.0" encoding="UTF-8"?>
<testng-results skipped="0" failed="0" ignored="0" total="3" passed="3">
  <reporter-output>
  </reporter-output>
  <suite name="My Suite" duration-ms="0" started-at="2020-10-02T23:34:30 IST" finished-at="2020-10-02T23:34:30 IST">
    <groups>
    </groups>
  </suite> <!-- My Suite -->
  <suite name="SuiteA" duration-ms="16086" started-at="2020-10-02T23:34:13 IST" finished-at="2020-10-02T23:34:29 IST">
    <groups>
    </groups>
    <test name="TestA3" duration-ms="2088" started-at="2020-10-02T23:34:13 IST" finished-at="2020-10-02T23:34:15 IST">
      <class name="com.home.suiteA.TestA3">
        <test-method status="PASS" signature="Test_A3()[pri:0, instance:com.home.suiteA.TestA3@5f2050f6]" name="Test_A3" duration-ms="2039" started-at="2020-10-02T23:34:13 IST" finished-at="2020-10-02T23:34:15 IST">
          <reporter-output>
          </reporter-output>
        </test-method> <!-- Test_A3 -->
      </class> <!-- com.home.suiteA.TestA3 -->
    </test> <!-- TestA3 -->
    <test name="TestA2" duration-ms="16086" started-at="2020-10-02T23:34:13 IST" finished-at="2020-10-02T23:34:29 IST">
      <class name="com.home.suiteA.TestA2">
        <test-method status="PASS" signature="Test_A2()[pri:0, instance:com.home.suiteA.TestA2@79698539]" name="Test_A2" duration-ms="16041" started-at="2020-10-02T23:34:13 IST" finished-at="2020-10-02T23:34:29 IST">
          <reporter-output>
          </reporter-output>
        </test-method> <!-- Test_A2 -->
      </class> <!-- com.home.suiteA.TestA2 -->
    </test> <!-- TestA2 -->
  </suite> <!-- SuiteA -->
  <suite name="SuiteB" duration-ms="17216" started-at="2020-10-02T23:34:13 IST" finished-at="2020-10-02T23:34:30 IST">
    <groups>
    </groups>
    <test name="TestB3" duration-ms="17216" started-at="2020-10-02T23:34:13 IST" finished-at="2020-10-02T23:34:30 IST">
      <class name="com.home.suiteB.TestB3">
        <test-method status="PASS" signature="Test_B3()[pri:0, instance:com.home.suiteB.TestB3@77b52d12]" name="Test_B3" duration-ms="17171" started-at="2020-10-02T23:34:13 IST" finished-at="2020-10-02T23:34:30 IST">
          <reporter-output>
          </reporter-output>
        </test-method> <!-- Test_B3 -->
      </class> <!-- com.home.suiteB.TestB3 -->
    </test> <!-- TestB3 -->
  </suite> <!-- SuiteB -->
</testng-results>
