<?xml version="1.0" encoding="UTF-8"?>
<testng-results skipped="0" failed="0" ignored="0" total="4" passed="4">
  <reporter-output>
  </reporter-output>
  <suite name="My Suite" duration-ms="0" started-at="2020-10-03T18:32:39 IST" finished-at="2020-10-03T18:32:39 IST">
    <groups>
    </groups>
  </suite> <!-- My Suite -->
  <suite name="SuiteA" duration-ms="18776" started-at="2020-10-03T18:32:20 IST" finished-at="2020-10-03T18:32:39 IST">
    <groups>
    </groups>
    <test name="TestA3" duration-ms="2096" started-at="2020-10-03T18:32:20 IST" finished-at="2020-10-03T18:32:22 IST">
      <class name="com.home.suiteA.TestA3">
        <test-method status="PASS" signature="Test_A3()[pri:0, instance:com.home.suiteA.TestA3@1324409e]" name="Test_A3" duration-ms="2048" started-at="2020-10-03T18:32:20 IST" finished-at="2020-10-03T18:32:22 IST">
          <reporter-output>
          </reporter-output>
        </test-method> <!-- Test_A3 -->
      </class> <!-- com.home.suiteA.TestA3 -->
    </test> <!-- TestA3 -->
    <test name="TestA2" duration-ms="17138" started-at="2020-10-03T18:32:20 IST" finished-at="2020-10-03T18:32:37 IST">
      <class name="com.home.suiteA.TestA2">
        <test-method status="PASS" signature="Test_A2()[pri:0, instance:com.home.suiteA.TestA2@64616ca2]" name="Test_A2" duration-ms="16448" started-at="2020-10-03T18:32:20 IST" finished-at="2020-10-03T18:32:37 IST">
          <reporter-output>
          </reporter-output>
        </test-method> <!-- Test_A2 -->
        <test-method status="PASS" signature="close()[pri:0, instance:com.home.suiteA.TestA2@64616ca2]" name="close" is-config="true" duration-ms="635" started-at="2020-10-03T18:32:37 IST" finished-at="2020-10-03T18:32:37 IST">
          <reporter-output>
          </reporter-output>
        </test-method> <!-- close -->
      </class> <!-- com.home.suiteA.TestA2 -->
    </test> <!-- TestA2 -->
    <test name="TestA1" duration-ms="18776" started-at="2020-10-03T18:32:20 IST" finished-at="2020-10-03T18:32:39 IST">
      <class name="com.home.suiteA.TestA1">
        <test-method status="PASS" signature="Test_A1()[pri:0, instance:com.home.suiteA.TestA1@67b64c45]" name="Test_A1" duration-ms="18578" started-at="2020-10-03T18:32:20 IST" finished-at="2020-10-03T18:32:39 IST">
          <reporter-output>
          </reporter-output>
        </test-method> <!-- Test_A1 -->
        <test-method status="PASS" signature="close()[pri:0, instance:com.home.suiteA.TestA1@67b64c45]" name="close" is-config="true" duration-ms="143" started-at="2020-10-03T18:32:39 IST" finished-at="2020-10-03T18:32:39 IST">
          <reporter-output>
          </reporter-output>
        </test-method> <!-- close -->
      </class> <!-- com.home.suiteA.TestA1 -->
    </test> <!-- TestA1 -->
  </suite> <!-- SuiteA -->
  <suite name="SuiteB" duration-ms="17288" started-at="2020-10-03T18:32:20 IST" finished-at="2020-10-03T18:32:37 IST">
    <groups>
    </groups>
    <test name="TestB3" duration-ms="17288" started-at="2020-10-03T18:32:20 IST" finished-at="2020-10-03T18:32:37 IST">
      <class name="com.home.suiteB.TestB3">
        <test-method status="PASS" signature="Test_B3()[pri:0, instance:com.home.suiteB.TestB3@15975490]" name="Test_B3" duration-ms="16458" started-at="2020-10-03T18:32:20 IST" finished-at="2020-10-03T18:32:37 IST">
          <reporter-output>
          </reporter-output>
        </test-method> <!-- Test_B3 -->
        <test-method status="PASS" signature="close()[pri:0, instance:com.home.suiteB.TestB3@15975490]" name="close" is-config="true" duration-ms="775" started-at="2020-10-03T18:32:37 IST" finished-at="2020-10-03T18:32:37 IST">
          <reporter-output>
          </reporter-output>
        </test-method> <!-- close -->
      </class> <!-- com.home.suiteB.TestB3 -->
    </test> <!-- TestB3 -->
  </suite> <!-- SuiteB -->
</testng-results>
